Arguments: 
  /usr/local/bin/node /usr/local/bin/yarn add eslint -D

PATH: 
  /usr/local/bin:/usr/bin:/bin:/usr/sbin:/sbin:/Users/lijing/go/bin:/Users/lijing/Documents/documentAll/apache-maven-3.9.0/bin

Yarn version: 
  1.22.17

Node version: 
  14.19.3

Platform: 
  darwin x64

Trace: 
  Error: ENOENT: no such file or directory, scandir '/Users/lijing/Documents/documentAll/Vscode/React/ANT DESIGN PRO(模板)/ant-design-umi/node_modules/antd/node_modules/@ant-design/icons'

npm manifest: 
  {
    "private": true,
    "author": "lijing <51325lj@sina.com>",
    "scripts": {
      "dev": "max dev",
      "build": "max build",
      "format": "prettier --cache --write .",
      "prepare": "husky install",
      "postinstall": "max setup",
      "setup": "max setup",
      "start": "npm run dev",
      "test": "cross-env TS_NODE_TRANSPILE_ONLY=yes jest --passWithNoTests"
    },
    "dependencies": {
      "@ant-design/icons": "^4.8.0",
      "@ant-design/pro-components": "^2.0.1",
      "@umijs/max": "^4.0.64",
      "antd": "^5.0.0"
    },
    "devDependencies": {
      "@testing-library/jest-dom": "^5",
      "@testing-library/react": "^14",
      "@types/jest": "^29",
      "@types/react": "^18.0.0",
      "@types/react-dom": "^18.0.0",
      "@types/testing-library__jest-dom": "^5.14.5",
      "cross-env": "^7",
      "eslint": "^8.38.0",
      "husky": "^8.0.1",
      "jest": "^29",
      "jest-environment-jsdom": "^29",
      "lint-staged": "^13.0.3",
      "prettier": "^2.7.1",
      "prettier-plugin-organize-imports": "^2",
      "prettier-plugin-packagejson": "^2",
      "ts-node": "^10",
      "typescript": "^4"
    }
  }

yarn manifest: 
  No manifest

Lockfile: 
  No lockfile
